2025-10-26 14:49:41.808 +06:00 [INF] Application Starting
2025-10-26 15:03:30.611 +06:00 [INF] Application Starting
2025-10-26 15:04:21.027 +06:00 [INF] Application Starting
2025-10-26 15:28:27.602 +06:00 [INF] Application Starting
2025-10-26 15:46:17.890 +06:00 [INF] Application Starting
2025-10-26 21:05:00.539 +06:00 [INF] Application Starting
2025-10-26 21:12:06.315 +06:00 [INF] Application Starting
2025-10-26 21:18:16.757 +06:00 [INF] Application Starting
2025-10-26 21:25:55.437 +06:00 [INF] Application Starting
2025-10-26 21:34:30.712 +06:00 [INF] Application Starting
2025-10-26 21:38:28.682 +06:00 [INF] Application Starting
2025-10-26 21:49:10.341 +06:00 [INF] Application Starting
2025-10-26 21:59:26.830 +06:00 [INF] Application Starting
2025-10-26 22:07:59.230 +06:00 [INF] Application Starting
2025-10-26 22:29:41.732 +06:00 [INF] Application Starting
2025-10-26 22:36:34.339 +06:00 [INF] Application Starting
2025-10-26 22:41:14.063 +06:00 [INF] Application Starting
2025-10-26 22:57:12.377 +06:00 [INF] Application Starting
2025-10-26 23:01:15.830 +06:00 [INF] Application Starting
2025-10-26 23:03:53.359 +06:00 [INF] Application Starting
2025-10-26 23:04:12.822 +06:00 [ERR] The view 'Update' was not found. Searched locations: ["/Areas/Admin/Views/Users/Update.cshtml","/Areas/Admin/Views/Shared/Update.cshtml","/Views/Shared/Update.cshtml","/Pages/Shared/Update.cshtml"]
2025-10-26 23:04:12.853 +06:00 [ERR] An unhandled exception has occurred while executing the request.
System.InvalidOperationException: The view 'Update' was not found. The following locations were searched:
/Areas/Admin/Views/Users/Update.cshtml
/Areas/Admin/Views/Shared/Update.cshtml
/Views/Shared/Update.cshtml
/Pages/Shared/Update.cshtml
   at Microsoft.AspNetCore.Mvc.ViewEngines.ViewEngineResult.EnsureSuccessful(IEnumerable`1 originalLocations)
   at Microsoft.AspNetCore.Mvc.ViewFeatures.ViewResultExecutor.ExecuteAsync(ActionContext context, ViewResult result)
   at Microsoft.AspNetCore.Mvc.ViewResult.ExecuteResultAsync(ActionContext context)
   at Microsoft.AspNetCore.Mvc.Infrastructure.ResourceInvoker.<InvokeResultAsync>g__Logged|22_0(ResourceInvoker invoker, IActionResult result)
   at Microsoft.AspNetCore.Mvc.Infrastructure.ResourceInvoker.<InvokeNextResultFilterAsync>g__Awaited|30_0[TFilter,TFilterAsync](ResourceInvoker invoker, Task lastTask, State next, Scope scope, Object state, Boolean isCompleted)
   at Microsoft.AspNetCore.Mvc.Infrastructure.ResourceInvoker.Rethrow(ResultExecutedContextSealed context)
   at Microsoft.AspNetCore.Mvc.Infrastructure.ResourceInvoker.ResultNext[TFilter,TFilterAsync](State& next, Scope& scope, Object& state, Boolean& isCompleted)
   at Microsoft.AspNetCore.Mvc.Infrastructure.ResourceInvoker.InvokeResultFilters()
--- End of stack trace from previous location ---
   at Microsoft.AspNetCore.Mvc.Infrastructure.ResourceInvoker.<InvokeNextResourceFilter>g__Awaited|25_0(ResourceInvoker invoker, Task lastTask, State next, Scope scope, Object state, Boolean isCompleted)
   at Microsoft.AspNetCore.Mvc.Infrastructure.ResourceInvoker.Rethrow(ResourceExecutedContextSealed context)
   at Microsoft.AspNetCore.Mvc.Infrastructure.ResourceInvoker.Next(State& next, Scope& scope, Object& state, Boolean& isCompleted)
   at Microsoft.AspNetCore.Mvc.Infrastructure.ResourceInvoker.InvokeFilterPipelineAsync()
--- End of stack trace from previous location ---
   at Microsoft.AspNetCore.Mvc.Infrastructure.ResourceInvoker.<InvokeAsync>g__Logged|17_1(ResourceInvoker invoker)
   at Microsoft.AspNetCore.Mvc.Infrastructure.ResourceInvoker.<InvokeAsync>g__Logged|17_1(ResourceInvoker invoker)
   at Microsoft.AspNetCore.Authorization.AuthorizationMiddleware.Invoke(HttpContext context)
   at Microsoft.AspNetCore.Authentication.AuthenticationMiddleware.Invoke(HttpContext context)
   at Microsoft.AspNetCore.Diagnostics.DeveloperExceptionPageMiddlewareImpl.Invoke(HttpContext context)
2025-10-26 23:10:42.560 +06:00 [INF] Application Starting
2025-10-26 23:14:33.089 +06:00 [INF] Application Starting
2025-10-26 23:18:12.256 +06:00 [INF] Application Starting
